<?xml version="1.0" encoding="UTF-8"?>
<testng-results ignored="0" total="1" passed="1" failed="0" skipped="0">
  <reporter-output>
  </reporter-output>
  <suite started-at="2022-07-24T17:45:43 AST" name="Default suite" finished-at="2022-07-24T17:45:56 AST" duration-ms="13179">
    <groups>
    </groups>
    <test started-at="2022-07-24T17:45:43 AST" name="Default test" finished-at="2022-07-24T17:45:56 AST" duration-ms="13179">
      <class name="Ass1XpathLocator.chromeWebDriver">
        <test-method signature="chrom()[pri:0, instance:Ass1XpathLocator.chromeWebDriver@419c5f1a]" started-at="2022-07-24T17:45:43 AST" name="chrom" finished-at="2022-07-24T17:45:56 AST" duration-ms="13157" status="PASS">
          <reporter-output>
          </reporter-output>
        </test-method> <!-- chrom -->
      </class> <!-- Ass1XpathLocator.chromeWebDriver -->
    </test> <!-- Default test -->
  </suite> <!-- Default suite -->
</testng-results>
